<?xml version="1.0" encoding="UTF-8"?>
<robot generator="Robot 5.0.1 (Python 3.9.13 on darwin)" generated="20230605 14:19:12.016" rpa="true" schemaversion="3">
<suite id="s1" name="Tasks" source="/Users/amaiaaristeguiiturraran/Desktop/level II robocop/tasks.robot">
<test id="s1-t1" name="Minimal task" line="6">
<kw name="Log" library="BuiltIn">
<arg>Done.</arg>
<doc>Logs the given message with the given level.</doc>
<msg timestamp="20230605 14:19:12.096" level="INFO">Done.</msg>
<status status="PASS" starttime="20230605 14:19:12.094" endtime="20230605 14:19:12.098"/>
</kw>
<status status="PASS" starttime="20230605 14:19:12.091" endtime="20230605 14:19:12.099"/>
</test>
<doc>Template robot main suite.</doc>
<status status="PASS" starttime="20230605 14:19:12.026" endtime="20230605 14:19:12.102"/>
</suite>
<statistics>
<total>
<stat pass="1" fail="0" skip="0">All Tasks</stat>
</total>
<tag>
</tag>
<suite>
<stat pass="1" fail="0" skip="0" id="s1" name="Tasks">Tasks</stat>
</suite>
</statistics>
<errors>
</errors>
</robot>
